/u/s/i/sinclair/courses/cs552/spring2023/handouts/testprograms/public/rand_simple/t_1_add.asm FAILED
/u/s/i/sinclair/courses/cs552/spring2023/handouts/testprograms/public/rand_simple/t_1_addi.asm FAILED
/u/s/i/sinclair/courses/cs552/spring2023/handouts/testprograms/public/rand_simple/t_1_andn.asm FAILED
/u/s/i/sinclair/courses/cs552/spring2023/handouts/testprograms/public/rand_simple/t_1_andni.asm FAILED
/u/s/i/sinclair/courses/cs552/spring2023/handouts/testprograms/public/rand_simple/t_1_beqz.asm FAILED
/u/s/i/sinclair/courses/cs552/spring2023/handouts/testprograms/public/rand_simple/t_1_bgez.asm FAILED
/u/s/i/sinclair/courses/cs552/spring2023/handouts/testprograms/public/rand_simple/t_1_bltz.asm FAILED
/u/s/i/sinclair/courses/cs552/spring2023/handouts/testprograms/public/rand_simple/t_1_bnez.asm FAILED
/u/s/i/sinclair/courses/cs552/spring2023/handouts/testprograms/public/rand_simple/t_1_btr.asm FAILED
/u/s/i/sinclair/courses/cs552/spring2023/handouts/testprograms/public/rand_simple/t_1_j.asm SUCCESS CPI:1.2 CYCLES:20 ICOUNT:17 IHITRATE: 0 DHITRATE: 0
/u/s/i/sinclair/courses/cs552/spring2023/handouts/testprograms/public/rand_simple/t_1_jal.asm FAILED
/u/s/i/sinclair/courses/cs552/spring2023/handouts/testprograms/public/rand_simple/t_1_jalr.asm FAILED
/u/s/i/sinclair/courses/cs552/spring2023/handouts/testprograms/public/rand_simple/t_1_jr.asm FAILED
/u/s/i/sinclair/courses/cs552/spring2023/handouts/testprograms/public/rand_simple/t_1_lbi.asm FAILED
/u/s/i/sinclair/courses/cs552/spring2023/handouts/testprograms/public/rand_simple/t_1_ld.asm FAILED
/u/s/i/sinclair/courses/cs552/spring2023/handouts/testprograms/public/rand_simple/t_1_rol.asm FAILED
/u/s/i/sinclair/courses/cs552/spring2023/handouts/testprograms/public/rand_simple/t_1_roli.asm FAILED
/u/s/i/sinclair/courses/cs552/spring2023/handouts/testprograms/public/rand_simple/t_1_ror.asm FAILED
/u/s/i/sinclair/courses/cs552/spring2023/handouts/testprograms/public/rand_simple/t_1_rori.asm FAILED
/u/s/i/sinclair/courses/cs552/spring2023/handouts/testprograms/public/rand_simple/t_1_sco.asm FAILED
/u/s/i/sinclair/courses/cs552/spring2023/handouts/testprograms/public/rand_simple/t_1_seq.asm FAILED
/u/s/i/sinclair/courses/cs552/spring2023/handouts/testprograms/public/rand_simple/t_1_slbi.asm FAILED
/u/s/i/sinclair/courses/cs552/spring2023/handouts/testprograms/public/rand_simple/t_1_sle.asm FAILED
/u/s/i/sinclair/courses/cs552/spring2023/handouts/testprograms/public/rand_simple/t_1_sll.asm FAILED
/u/s/i/sinclair/courses/cs552/spring2023/handouts/testprograms/public/rand_simple/t_1_slli.asm FAILED
/u/s/i/sinclair/courses/cs552/spring2023/handouts/testprograms/public/rand_simple/t_1_slt.asm FAILED
/u/s/i/sinclair/courses/cs552/spring2023/handouts/testprograms/public/rand_simple/t_1_srl.asm FAILED
/u/s/i/sinclair/courses/cs552/spring2023/handouts/testprograms/public/rand_simple/t_1_srli.asm FAILED
/u/s/i/sinclair/courses/cs552/spring2023/handouts/testprograms/public/rand_simple/t_1_st.asm FAILED
/u/s/i/sinclair/courses/cs552/spring2023/handouts/testprograms/public/rand_simple/t_1_stu.asm FAILED
/u/s/i/sinclair/courses/cs552/spring2023/handouts/testprograms/public/rand_simple/t_1_sub.asm FAILED
/u/s/i/sinclair/courses/cs552/spring2023/handouts/testprograms/public/rand_simple/t_1_subi.asm FAILED
/u/s/i/sinclair/courses/cs552/spring2023/handouts/testprograms/public/rand_simple/t_1_xor.asm FAILED
/u/s/i/sinclair/courses/cs552/spring2023/handouts/testprograms/public/rand_simple/t_1_xori.asm FAILED
/u/s/i/sinclair/courses/cs552/spring2023/handouts/testprograms/public/rand_simple/t_2_add.asm FAILED
/u/s/i/sinclair/courses/cs552/spring2023/handouts/testprograms/public/rand_simple/t_2_addi.asm FAILED
/u/s/i/sinclair/courses/cs552/spring2023/handouts/testprograms/public/rand_simple/t_2_andn.asm FAILED
/u/s/i/sinclair/courses/cs552/spring2023/handouts/testprograms/public/rand_simple/t_2_andni.asm FAILED
/u/s/i/sinclair/courses/cs552/spring2023/handouts/testprograms/public/rand_simple/t_2_beqz.asm FAILED
/u/s/i/sinclair/courses/cs552/spring2023/handouts/testprograms/public/rand_simple/t_2_bgez.asm FAILED
/u/s/i/sinclair/courses/cs552/spring2023/handouts/testprograms/public/rand_simple/t_2_bltz.asm FAILED
/u/s/i/sinclair/courses/cs552/spring2023/handouts/testprograms/public/rand_simple/t_2_bnez.asm FAILED
/u/s/i/sinclair/courses/cs552/spring2023/handouts/testprograms/public/rand_simple/t_2_btr.asm FAILED
/u/s/i/sinclair/courses/cs552/spring2023/handouts/testprograms/public/rand_simple/t_2_j.asm SUCCESS CPI:1.2 CYCLES:20 ICOUNT:17 IHITRATE: 0 DHITRATE: 0
/u/s/i/sinclair/courses/cs552/spring2023/handouts/testprograms/public/rand_simple/t_2_jal.asm FAILED
/u/s/i/sinclair/courses/cs552/spring2023/handouts/testprograms/public/rand_simple/t_2_jalr.asm FAILED
/u/s/i/sinclair/courses/cs552/spring2023/handouts/testprograms/public/rand_simple/t_2_jr.asm FAILED
/u/s/i/sinclair/courses/cs552/spring2023/handouts/testprograms/public/rand_simple/t_2_lbi.asm FAILED
/u/s/i/sinclair/courses/cs552/spring2023/handouts/testprograms/public/rand_simple/t_2_ld.asm FAILED
/u/s/i/sinclair/courses/cs552/spring2023/handouts/testprograms/public/rand_simple/t_2_rol.asm FAILED
/u/s/i/sinclair/courses/cs552/spring2023/handouts/testprograms/public/rand_simple/t_2_roli.asm FAILED
/u/s/i/sinclair/courses/cs552/spring2023/handouts/testprograms/public/rand_simple/t_2_ror.asm FAILED
/u/s/i/sinclair/courses/cs552/spring2023/handouts/testprograms/public/rand_simple/t_2_rori.asm FAILED
/u/s/i/sinclair/courses/cs552/spring2023/handouts/testprograms/public/rand_simple/t_2_sco.asm FAILED
/u/s/i/sinclair/courses/cs552/spring2023/handouts/testprograms/public/rand_simple/t_2_seq.asm FAILED
/u/s/i/sinclair/courses/cs552/spring2023/handouts/testprograms/public/rand_simple/t_2_slbi.asm FAILED
/u/s/i/sinclair/courses/cs552/spring2023/handouts/testprograms/public/rand_simple/t_2_sle.asm FAILED
/u/s/i/sinclair/courses/cs552/spring2023/handouts/testprograms/public/rand_simple/t_2_sll.asm FAILED
/u/s/i/sinclair/courses/cs552/spring2023/handouts/testprograms/public/rand_simple/t_2_slli.asm FAILED
/u/s/i/sinclair/courses/cs552/spring2023/handouts/testprograms/public/rand_simple/t_2_slt.asm FAILED
/u/s/i/sinclair/courses/cs552/spring2023/handouts/testprograms/public/rand_simple/t_2_srl.asm FAILED
/u/s/i/sinclair/courses/cs552/spring2023/handouts/testprograms/public/rand_simple/t_2_srli.asm FAILED
/u/s/i/sinclair/courses/cs552/spring2023/handouts/testprograms/public/rand_simple/t_2_st.asm FAILED
/u/s/i/sinclair/courses/cs552/spring2023/handouts/testprograms/public/rand_simple/t_2_stu.asm FAILED
/u/s/i/sinclair/courses/cs552/spring2023/handouts/testprograms/public/rand_simple/t_2_sub.asm FAILED
/u/s/i/sinclair/courses/cs552/spring2023/handouts/testprograms/public/rand_simple/t_2_subi.asm FAILED
/u/s/i/sinclair/courses/cs552/spring2023/handouts/testprograms/public/rand_simple/t_2_xor.asm FAILED
/u/s/i/sinclair/courses/cs552/spring2023/handouts/testprograms/public/rand_simple/t_2_xori.asm FAILED
/u/s/i/sinclair/courses/cs552/spring2023/handouts/testprograms/public/rand_simple/t_3_add.asm FAILED
/u/s/i/sinclair/courses/cs552/spring2023/handouts/testprograms/public/rand_simple/t_3_addi.asm FAILED
/u/s/i/sinclair/courses/cs552/spring2023/handouts/testprograms/public/rand_simple/t_3_andn.asm FAILED
/u/s/i/sinclair/courses/cs552/spring2023/handouts/testprograms/public/rand_simple/t_3_andni.asm FAILED
/u/s/i/sinclair/courses/cs552/spring2023/handouts/testprograms/public/rand_simple/t_3_beqz.asm FAILED
/u/s/i/sinclair/courses/cs552/spring2023/handouts/testprograms/public/rand_simple/t_3_bgez.asm FAILED
/u/s/i/sinclair/courses/cs552/spring2023/handouts/testprograms/public/rand_simple/t_3_bltz.asm FAILED
/u/s/i/sinclair/courses/cs552/spring2023/handouts/testprograms/public/rand_simple/t_3_bnez.asm FAILED
/u/s/i/sinclair/courses/cs552/spring2023/handouts/testprograms/public/rand_simple/t_3_btr.asm FAILED
/u/s/i/sinclair/courses/cs552/spring2023/handouts/testprograms/public/rand_simple/t_3_j.asm SUCCESS CPI:1.2 CYCLES:20 ICOUNT:17 IHITRATE: 0 DHITRATE: 0
/u/s/i/sinclair/courses/cs552/spring2023/handouts/testprograms/public/rand_simple/t_3_jal.asm FAILED
/u/s/i/sinclair/courses/cs552/spring2023/handouts/testprograms/public/rand_simple/t_3_jalr.asm FAILED
/u/s/i/sinclair/courses/cs552/spring2023/handouts/testprograms/public/rand_simple/t_3_jr.asm FAILED
/u/s/i/sinclair/courses/cs552/spring2023/handouts/testprograms/public/rand_simple/t_3_lbi.asm FAILED
/u/s/i/sinclair/courses/cs552/spring2023/handouts/testprograms/public/rand_simple/t_3_ld.asm FAILED
/u/s/i/sinclair/courses/cs552/spring2023/handouts/testprograms/public/rand_simple/t_3_rol.asm FAILED
/u/s/i/sinclair/courses/cs552/spring2023/handouts/testprograms/public/rand_simple/t_3_roli.asm FAILED
/u/s/i/sinclair/courses/cs552/spring2023/handouts/testprograms/public/rand_simple/t_3_ror.asm FAILED
/u/s/i/sinclair/courses/cs552/spring2023/handouts/testprograms/public/rand_simple/t_3_rori.asm FAILED
/u/s/i/sinclair/courses/cs552/spring2023/handouts/testprograms/public/rand_simple/t_3_sco.asm FAILED
/u/s/i/sinclair/courses/cs552/spring2023/handouts/testprograms/public/rand_simple/t_3_seq.asm FAILED
/u/s/i/sinclair/courses/cs552/spring2023/handouts/testprograms/public/rand_simple/t_3_slbi.asm FAILED
/u/s/i/sinclair/courses/cs552/spring2023/handouts/testprograms/public/rand_simple/t_3_sle.asm FAILED
/u/s/i/sinclair/courses/cs552/spring2023/handouts/testprograms/public/rand_simple/t_3_sll.asm FAILED
/u/s/i/sinclair/courses/cs552/spring2023/handouts/testprograms/public/rand_simple/t_3_slli.asm FAILED
/u/s/i/sinclair/courses/cs552/spring2023/handouts/testprograms/public/rand_simple/t_3_slt.asm FAILED
/u/s/i/sinclair/courses/cs552/spring2023/handouts/testprograms/public/rand_simple/t_3_srl.asm FAILED
/u/s/i/sinclair/courses/cs552/spring2023/handouts/testprograms/public/rand_simple/t_3_srli.asm FAILED
/u/s/i/sinclair/courses/cs552/spring2023/handouts/testprograms/public/rand_simple/t_3_st.asm FAILED
/u/s/i/sinclair/courses/cs552/spring2023/handouts/testprograms/public/rand_simple/t_3_stu.asm FAILED
/u/s/i/sinclair/courses/cs552/spring2023/handouts/testprograms/public/rand_simple/t_3_sub.asm FAILED
/u/s/i/sinclair/courses/cs552/spring2023/handouts/testprograms/public/rand_simple/t_3_subi.asm FAILED
/u/s/i/sinclair/courses/cs552/spring2023/handouts/testprograms/public/rand_simple/t_3_xor.asm FAILED
/u/s/i/sinclair/courses/cs552/spring2023/handouts/testprograms/public/rand_simple/t_3_xori.asm FAILED
/u/s/i/sinclair/courses/cs552/spring2023/handouts/testprograms/public/rand_simple/t_4_add.asm FAILED
/u/s/i/sinclair/courses/cs552/spring2023/handouts/testprograms/public/rand_simple/t_4_addi.asm FAILED
/u/s/i/sinclair/courses/cs552/spring2023/handouts/testprograms/public/rand_simple/t_4_andn.asm FAILED
/u/s/i/sinclair/courses/cs552/spring2023/handouts/testprograms/public/rand_simple/t_4_andni.asm FAILED
/u/s/i/sinclair/courses/cs552/spring2023/handouts/testprograms/public/rand_simple/t_4_beqz.asm FAILED
/u/s/i/sinclair/courses/cs552/spring2023/handouts/testprograms/public/rand_simple/t_4_bgez.asm FAILED
/u/s/i/sinclair/courses/cs552/spring2023/handouts/testprograms/public/rand_simple/t_4_bltz.asm FAILED
/u/s/i/sinclair/courses/cs552/spring2023/handouts/testprograms/public/rand_simple/t_4_bnez.asm FAILED
/u/s/i/sinclair/courses/cs552/spring2023/handouts/testprograms/public/rand_simple/t_4_btr.asm FAILED
/u/s/i/sinclair/courses/cs552/spring2023/handouts/testprograms/public/rand_simple/t_4_j.asm SUCCESS CPI:1.2 CYCLES:20 ICOUNT:17 IHITRATE: 0 DHITRATE: 0
/u/s/i/sinclair/courses/cs552/spring2023/handouts/testprograms/public/rand_simple/t_4_jal.asm FAILED
/u/s/i/sinclair/courses/cs552/spring2023/handouts/testprograms/public/rand_simple/t_4_jalr.asm FAILED
/u/s/i/sinclair/courses/cs552/spring2023/handouts/testprograms/public/rand_simple/t_4_jr.asm FAILED
/u/s/i/sinclair/courses/cs552/spring2023/handouts/testprograms/public/rand_simple/t_4_lbi.asm FAILED
/u/s/i/sinclair/courses/cs552/spring2023/handouts/testprograms/public/rand_simple/t_4_ld.asm FAILED
/u/s/i/sinclair/courses/cs552/spring2023/handouts/testprograms/public/rand_simple/t_4_rol.asm FAILED
/u/s/i/sinclair/courses/cs552/spring2023/handouts/testprograms/public/rand_simple/t_4_roli.asm FAILED
/u/s/i/sinclair/courses/cs552/spring2023/handouts/testprograms/public/rand_simple/t_4_ror.asm FAILED
/u/s/i/sinclair/courses/cs552/spring2023/handouts/testprograms/public/rand_simple/t_4_rori.asm FAILED
/u/s/i/sinclair/courses/cs552/spring2023/handouts/testprograms/public/rand_simple/t_4_sco.asm FAILED
/u/s/i/sinclair/courses/cs552/spring2023/handouts/testprograms/public/rand_simple/t_4_seq.asm FAILED
/u/s/i/sinclair/courses/cs552/spring2023/handouts/testprograms/public/rand_simple/t_4_slbi.asm FAILED
/u/s/i/sinclair/courses/cs552/spring2023/handouts/testprograms/public/rand_simple/t_4_sle.asm FAILED
/u/s/i/sinclair/courses/cs552/spring2023/handouts/testprograms/public/rand_simple/t_4_sll.asm FAILED
/u/s/i/sinclair/courses/cs552/spring2023/handouts/testprograms/public/rand_simple/t_4_slli.asm FAILED
/u/s/i/sinclair/courses/cs552/spring2023/handouts/testprograms/public/rand_simple/t_4_slt.asm FAILED
/u/s/i/sinclair/courses/cs552/spring2023/handouts/testprograms/public/rand_simple/t_4_srl.asm FAILED
/u/s/i/sinclair/courses/cs552/spring2023/handouts/testprograms/public/rand_simple/t_4_srli.asm FAILED
/u/s/i/sinclair/courses/cs552/spring2023/handouts/testprograms/public/rand_simple/t_4_st.asm FAILED
/u/s/i/sinclair/courses/cs552/spring2023/handouts/testprograms/public/rand_simple/t_4_stu.asm FAILED
/u/s/i/sinclair/courses/cs552/spring2023/handouts/testprograms/public/rand_simple/t_4_sub.asm FAILED
/u/s/i/sinclair/courses/cs552/spring2023/handouts/testprograms/public/rand_simple/t_4_subi.asm FAILED
/u/s/i/sinclair/courses/cs552/spring2023/handouts/testprograms/public/rand_simple/t_4_xor.asm FAILED
/u/s/i/sinclair/courses/cs552/spring2023/handouts/testprograms/public/rand_simple/t_4_xori.asm FAILED
