INUM:        0 PC: 0x0000 REG: 0 VALUE: 0x0000
INUM:        1 PC: 0x0002 REG: 0 VALUE: 0x004e
INUM:        2 PC: 0x0004 REG: 7 VALUE: 0xffff
INUM:        3 PC: 0x0006 REG: 6 VALUE: 0x0000
INUM:        4 PC: 0x0008
INUM:        5 PC: 0x0014 REG: 1 VALUE: 0xffff
INUM:        6 PC: 0x0016 REG: 7 VALUE: 0x0018
INUM:        7 PC: 0x001a REG: 5 VALUE: 0x0018
INUM:        8 PC: 0x001c REG: 3 VALUE: 0x0045
INUM:        9 PC: 0x001e REG: 7 VALUE: 0x0020
INUM:       10 PC: 0x004e REG: 4 VALUE: 0x0000
INUM:       11 PC: 0x0050 REG: 4 VALUE: 0x0032
INUM:       12 PC: 0x0052 REG: 0 VALUE: 0xff9c
INUM:       13 PC: 0x0054 REG: 4 VALUE: 0xffce
INUM:       14 PC: 0x0056 REG: 5 VALUE: 0x0038
INUM:       15 PC: 0x0058 REG: 7 VALUE: 0x0055
INUM:       16 PC: 0x005a
INUM:       17 PC: 0x0032 REG: 0 VALUE: 0x0000
INUM:       18 PC: 0x0034 REG: 1 VALUE: 0x0001
INUM:       19 PC: 0x0036 REG: 2 VALUE: 0xffff
INUM:       20 PC: 0x0038
INUM:       21 PC: 0x0066
INUM:       22 PC: 0x0068 REG: 6 VALUE: 0x0002
INUM:       23 PC: 0x006a
INUM:       24 PC: 0x0070
INUM:       25 PC: 0x007c
INUM:       26 PC: 0x007e
INUM:       27 PC: 0x0042
INUM:       28 PC: 0x0044
INUM:       29 PC: 0x0046
INUM:       30 PC: 0x008a REG: 6 VALUE: 0x0006
INUM:       31 PC: 0x008c
