
WISCalculator v1.0
Author Derek Hower (drh5@cs.wisc.edu)
Type "help" for more information

Loading program...
Executing...
lbi r1, 50
INUM:        0 PC: 0x0000 REG: 1 VALUE: 0x0032
lbi r2, 2
INUM:        1 PC: 0x0002 REG: 2 VALUE: 0x0002
lbi r3, 4
INUM:        2 PC: 0x0004 REG: 3 VALUE: 0x0004
lbi r4, 6
INUM:        3 PC: 0x0006 REG: 4 VALUE: 0x0006
st r2, r1, 0
INUM:        4 PC: 0x0008 ADDR: 0x0032 VALUE: 0x0002
st r3, r1, 10
INUM:        5 PC: 0x000a ADDR: 0x003c VALUE: 0x0004
st r4, r1, -12
INUM:        6 PC: 0x000c ADDR: 0x0026 VALUE: 0x0006
ld r2, r1, 10
INUM:        7 PC: 0x000e REG: 2 VALUE: 0x0004 ADDR: 0x003c
ld r3, r1, -12
INUM:        8 PC: 0x0010 REG: 3 VALUE: 0x0006 ADDR: 0x0026
ld r4, r1, 0
INUM:        9 PC: 0x0012 REG: 4 VALUE: 0x0002 ADDR: 0x0032
halt
program halted
INUM:       10 PC: 0x0014
Program Finished
