INST:    1100 0001 0011 0010 lbi r1, 50  
ARCH:    INUM:        0 PC: 0x0000 REG: 1 VALUE: 0x0032
VERILOG: INUM:        0 PC: 0x0000 REG: 1 VALUE: 0x0032
INST:    1100 0010 0000 0010 lbi r2, 2  
ARCH:    INUM:        1 PC: 0x0002 REG: 2 VALUE: 0x0002
VERILOG: INUM:        1 PC: 0x0002 REG: 2 VALUE: 0x0002
INST:    1100 0011 0000 0100 lbi r3, 4  
ARCH:    INUM:        2 PC: 0x0004 REG: 3 VALUE: 0x0004
VERILOG: INUM:        2 PC: 0x0004 REG: 3 VALUE: 0x0004
INST:    1100 0100 0000 0110 lbi r4, 6  
ARCH:    INUM:        3 PC: 0x0006 REG: 4 VALUE: 0x0006
VERILOG: INUM:        3 PC: 0x0006 REG: 4 VALUE: 0x0006
INST:    1000 0001 0100 0000 st r2, r1, 0  
ARCH:    INUM:        4 PC: 0x0008 ADDR: 0x0032 VALUE: 0x0002
VERILOG: INUM:        4 PC: 0x0008 ADDR: 0x0032 VALUE: 0x0002
INST:    1000 0001 0110 1010 st r3, r1, 10  
ARCH:    INUM:        5 PC: 0x000a ADDR: 0x003c VALUE: 0x0004
VERILOG: INUM:        5 PC: 0x000a ADDR: 0x003c VALUE: 0x0004
INST:    1000 0001 1001 0100 st r4, r1, 20  
ARCH:    INUM:        6 PC: 0x000c ADDR: 0x0026 VALUE: 0x0006
VERILOG: INUM:        6 PC: 0x000c ADDR: 0x0026 VALUE: 0x0006
INST:    1000 1001 0100 1010 ld r2, r1, 10  
ARCH:    INUM:        7 PC: 0x000e REG: 2 VALUE: 0x0004 ADDR: 0x003c
VERILOG: INUM:        7 PC: 0x000e REG: 2 VALUE: 0x0004 ADDR: 0x003c
INST:    1000 1001 0111 0100 ld r3, r1, 20  
ARCH:    INUM:        8 PC: 0x0010 REG: 3 VALUE: 0x0006 ADDR: 0x0026
VERILOG: INUM:        8 PC: 0x0010 REG: 3 VALUE: 0x0006 ADDR: 0x0026
INST:    1000 1001 1000 0000 ld r4, r1, 0  
ARCH:    INUM:        9 PC: 0x0012 REG: 4 VALUE: 0x0002 ADDR: 0x0032
VERILOG: INUM:        9 PC: 0x0012 REG: 4 VALUE: 0x0002 ADDR: 0x0032
INST:    0000 0000 0000 0000 halt  
ARCH:    INUM:       10 PC: 0x0014
VERILOG: INUM:       10 PC: 0x0014
