SIMLOG:: Cycle           4 PC: 00000000 I: 0000c000 R: 1   0 00000000 M: 0 0 00000000 00000000
SIMLOG:: Cycle           5 PC: 00000002 I: 0000904e R: 1   0 0000004e M: 0 0 0000004e 00000000
SIMLOG:: Cycle           6 PC: 00000004 I: 0000c7ff R: 1   7 0000ffff M: 0 0 0000ffff 00000000
SIMLOG:: Cycle           7 PC: 00000006 I: 0000c600 R: 1   6 00000000 M: 0 0 00000000 0000004e
SIMLOG:: Cycle           8 PC: 00000008 I: 0000200a R: 0   7 0000000a M: 0 0 00000000 0000004e
SIMLOG:: Cycle           9 PC: 00000014 I: 00004720 R: 1   1 0000ffff M: 0 0 0000ffff 00000000
SIMLOG:: Cycle          10 PC: 00000016 I: 00003002 R: 1   7 00000018 M: 0 0 0000ffff 0000004e
SIMLOG:: Cycle          11 PC: 0000001a I: 000047a0 R: 1   5 00000018 M: 0 0 00000018 00000000
SIMLOG:: Cycle          12 PC: 0000001c I: 00004077 R: 1   3 00000045 M: 0 0 00000045 00000000
SIMLOG:: Cycle          13 PC: 0000001e I: 00003b09 R: 1   7 00000020 M: 0 0 00000045 0000004e
SIMLOG:: Cycle          14 PC: 0000004e I: 0000c400 R: 1   4 00000000 M: 0 0 00000000 0000004e
SIMLOG:: Cycle          15 PC: 00000050 I: 00009432 R: 1   4 00000032 M: 0 0 00000032 0000ffff
SIMLOG:: Cycle          16 PC: 00000052 I: 0000c09c R: 1   0 0000ff9c M: 0 0 0000ff9c 00000032
SIMLOG:: Cycle          17 PC: 00000054 I: 0000dc10 R: 1   4 0000ffce M: 0 0 0000ffce 0000ff9c
SIMLOG:: Cycle          18 PC: 00000056 I: 0000ddf4 R: 1   5 00000038 M: 0 0 00000038 00000020
SIMLOG:: Cycle          19 PC: 00000058 I: 0000c755 R: 1   7 00000055 M: 0 0 00000055 00000000
SIMLOG:: Cycle          20 PC: 0000005a I: 00002c64 R: 0   7 0000005c M: 0 0 00000055 00000045
SIMLOG:: Cycle          21 PC: 00000032 I: 0000c000 R: 1   0 00000000 M: 0 0 00000000 0000ff9c
SIMLOG:: Cycle          22 PC: 00000034 I: 0000c101 R: 1   1 00000001 M: 0 0 00000001 00000000
SIMLOG:: Cycle          23 PC: 00000036 I: 0000c2ff R: 1   2 0000ffff M: 0 0 0000ffff 00000055
SIMLOG:: Cycle          24 PC: 00000038 I: 0000602c R: 0   0 0000ffff M: 0 0 0000ffff 00000001
SIMLOG:: Cycle          25 PC: 00000066 I: 0000681c R: 0   0 0000ffff M: 0 0 0000ffff 00000000
SIMLOG:: Cycle          26 PC: 00000068 I: 000046c2 R: 1   6 00000002 M: 0 0 00000002 00000000
SIMLOG:: Cycle          27 PC: 0000006a I: 00006904 R: 0   1 00000002 M: 0 0 00000002 00000000
SIMLOG:: Cycle          28 PC: 00000070 I: 00006a0a R: 0   2 00000002 M: 0 0 00000002 00000000
SIMLOG:: Cycle          29 PC: 0000007c I: 00007a06 R: 0   2 00000002 M: 0 0 00000002 00000000
SIMLOG:: Cycle          30 PC: 0000007e I: 000072c2 R: 0   2 00000002 M: 0 0 00000002 00000002
SIMLOG:: Cycle          31 PC: 00000042 I: 00007140 R: 0   1 00000002 M: 0 0 00000002 0000ffff
SIMLOG:: Cycle          32 PC: 00000044 I: 0000613e R: 0   1 00000002 M: 0 0 00000002 00000001
SIMLOG:: Cycle          33 PC: 00000046 I: 00007842 R: 0   0 00000002 M: 0 0 00000002 0000ffff
SIMLOG:: Cycle          34 PC: 0000008a I: 000046c4 R: 1   6 00000006 M: 0 0 00000006 00000002
SIMLOG:: Cycle          35 PC: 0000008c I: 00000000 R: 0   0 00000000 M: 0 0 00000000 00000000
SIMLOG:: Processor halted

SIMLOG:: sim_cycles          35

SIMLOG:: inst_count          32

